<?xml version="1.0" encoding="UTF-8"?>
<robot generator="Robot 3.1.2 (Python 3.7.3 on win32)" generated="20190720 15:18:17.199" rpa="false">
<suite id="s1" name="Test002" source="C:\Users\jeroen\PycharmProjects\project002\test002.robot">
<kw name="Log" library="BuiltIn" type="setup">
<doc>Logs the given message with the given level.</doc>
<arguments>
<arg>Inside Suite setup</arg>
</arguments>
<msg timestamp="20190720 15:18:18.355" level="INFO">Inside Suite setup</msg>
<status status="PASS" starttime="20190720 15:18:18.355" endtime="20190720 15:18:18.355"></status>
</kw>
<test id="s1-t1" name="FirstTest">
<kw name="Log" library="BuiltIn" type="setup">
<doc>Logs the given message with the given level.</doc>
<arguments>
<arg>Inside Test setup</arg>
</arguments>
<msg timestamp="20190720 15:18:18.355" level="INFO">Inside Test setup</msg>
<status status="PASS" starttime="20190720 15:18:18.355" endtime="20190720 15:18:18.355"></status>
</kw>
<kw name="Log" library="BuiltIn">
<doc>Logs the given message with the given level.</doc>
<arguments>
<arg>First Test</arg>
</arguments>
<msg timestamp="20190720 15:18:18.355" level="INFO">First Test</msg>
<status status="PASS" starttime="20190720 15:18:18.355" endtime="20190720 15:18:18.355"></status>
</kw>
<kw name="Log" library="BuiltIn" type="teardown">
<doc>Logs the given message with the given level.</doc>
<arguments>
<arg>Inside Test teardown</arg>
</arguments>
<msg timestamp="20190720 15:18:18.355" level="INFO">Inside Test teardown</msg>
<status status="PASS" starttime="20190720 15:18:18.355" endtime="20190720 15:18:18.355"></status>
</kw>
<tags>
<tag>Smoke</tag>
</tags>
<status status="PASS" starttime="20190720 15:18:18.355" endtime="20190720 15:18:18.355" critical="yes"></status>
</test>
<test id="s1-t2" name="test006">
<kw name="Log To Console" library="BuiltIn" type="setup">
<doc>Logs the given message to the console.</doc>
<arguments>
<arg>Test case started</arg>
</arguments>
<status status="PASS" starttime="20190720 15:18:18.370" endtime="20190720 15:18:18.370"></status>
</kw>
<kw name="Open Browser" library="Selenium2Library">
<doc>Opens a new browser instance to the given ``url``.</doc>
<arguments>
<arg>${url}</arg>
<arg>ff</arg>
</arguments>
<msg timestamp="20190720 15:18:18.370" level="INFO">Opening browser 'ff' to base url 'http://www.youtube.com'.</msg>
<status status="PASS" starttime="20190720 15:18:18.370" endtime="20190720 15:18:34.795"></status>
</kw>
<kw name="Set Screenshot Directory" library="Screenshot">
<doc>Sets the directory where screenshots are saved.</doc>
<arguments>
<arg>C:\\Users\\jeroen\\Documents\\PythonScripts\\Screenshots</arg>
</arguments>
<status status="PASS" starttime="20190720 15:18:34.795" endtime="20190720 15:18:34.795"></status>
</kw>
<kw name="Login">
<kw name="Wait Until Element Is Visible" library="Selenium2Library">
<doc>Waits until element ``locator`` is visible.</doc>
<arguments>
<arg>css:paper-button#button[aria-label='Inloggen']</arg>
<arg>30</arg>
</arguments>
<status status="PASS" starttime="20190720 15:18:34.810" endtime="20190720 15:18:35.733"></status>
</kw>
<kw name="Click Element" library="Selenium2Library">
<doc>Click element identified by ``locator``.</doc>
<arguments>
<arg>css:paper-button#button[aria-label='Inloggen']</arg>
</arguments>
<msg timestamp="20190720 15:18:35.740" level="INFO">Clicking element 'css:paper-button#button[aria-label='Inloggen']'.</msg>
<status status="PASS" starttime="20190720 15:18:35.733" endtime="20190720 15:18:38.073"></status>
</kw>
<kw name="Input Text" library="Selenium2Library">
<doc>Types the given ``text`` into text field identified by ``locator``.</doc>
<arguments>
<arg>css:input#identifierId[aria-label='E-mailadres of telefoonnummer']</arg>
<arg>jlansj@hotmail.com</arg>
</arguments>
<msg timestamp="20190720 15:18:38.081" level="INFO">Typing text 'jlansj@hotmail.com' into text field 'css:input#identifierId[aria-label='E-mailadres of telefoonnummer']'.</msg>
<status status="PASS" starttime="20190720 15:18:38.081" endtime="20190720 15:18:38.459"></status>
</kw>
<kw name="Click Element" library="Selenium2Library">
<doc>Click element identified by ``locator``.</doc>
<arguments>
<arg>css:span[class='RveJvd snByac']</arg>
</arguments>
<msg timestamp="20190720 15:18:38.467" level="INFO">Clicking element 'css:span[class='RveJvd snByac']'.</msg>
<status status="PASS" starttime="20190720 15:18:38.459" endtime="20190720 15:18:38.952"></status>
</kw>
<kw name="Wait Until Element Is Visible" library="Selenium2Library">
<doc>Waits until element ``locator`` is visible.</doc>
<arguments>
<arg>css:input[type='password'][class='whsOnd zHQkBf'][aria-label='Geef je wachtwoord op'][name='password']</arg>
<arg>30</arg>
</arguments>
<status status="PASS" starttime="20190720 15:18:38.952" endtime="20190720 15:18:39.723"></status>
</kw>
<kw name="Input Text" library="Selenium2Library">
<doc>Types the given ``text`` into text field identified by ``locator``.</doc>
<arguments>
<arg>css:input[type='password'][class='whsOnd zHQkBf'][aria-label='Geef je wachtwoord op'][name='password']</arg>
<arg>riccuj9YouTube</arg>
</arguments>
<msg timestamp="20190720 15:18:39.738" level="INFO">Typing text 'riccuj9YouTube' into text field 'css:input[type='password'][class='whsOnd zHQkBf'][aria-label='Geef je wachtwoord op'][name='password']'.</msg>
<status status="PASS" starttime="20190720 15:18:39.738" endtime="20190720 15:18:39.886"></status>
</kw>
<kw name="Click Element" library="Selenium2Library">
<doc>Click element identified by ``locator``.</doc>
<arguments>
<arg>css:span[class='RveJvd snByac']</arg>
</arguments>
<msg timestamp="20190720 15:18:39.886" level="INFO">Clicking element 'css:span[class='RveJvd snByac']'.</msg>
<status status="PASS" starttime="20190720 15:18:39.886" endtime="20190720 15:18:40.989"></status>
</kw>
<kw name="Wait Until Element Is Visible" library="Selenium2Library">
<doc>Waits until element ``locator`` is visible.</doc>
<arguments>
<arg>//*[@id="guide-section-title" and contains(text(),'Meer van YouTube')]</arg>
<arg>30</arg>
</arguments>
<status status="PASS" starttime="20190720 15:18:40.989" endtime="20190720 15:18:47.131"></status>
</kw>
<status status="PASS" starttime="20190720 15:18:34.795" endtime="20190720 15:18:47.131"></status>
</kw>
<kw name="Take Screenshot Without Embedding" library="Screenshot">
<doc>Takes a screenshot and links it from the log file.</doc>
<msg timestamp="20190720 15:18:47.733" level="INFO" html="yes">Screenshot saved to '&lt;a href="../../Documents/PythonScripts/Screenshots/screenshot_237.jpg"&gt;C:\Users\jeroen\Documents\PythonScripts\Screenshots\screenshot_237.jpg&lt;/a&gt;'.</msg>
<status status="PASS" starttime="20190720 15:18:47.131" endtime="20190720 15:18:47.733"></status>
</kw>
<kw name="Log To Console" library="BuiltIn" type="teardown">
<doc>Logs the given message to the console.</doc>
<arguments>
<arg>Test Case Completed</arg>
</arguments>
<status status="PASS" starttime="20190720 15:18:47.764" endtime="20190720 15:18:47.771"></status>
</kw>
<tags>
<tag>Smoke</tag>
</tags>
<status status="PASS" starttime="20190720 15:18:18.370" endtime="20190720 15:18:47.786" critical="yes"></status>
</test>
<kw name="Log" library="BuiltIn" type="teardown">
<doc>Logs the given message with the given level.</doc>
<arguments>
<arg>Inside Suite teardown</arg>
</arguments>
<msg timestamp="20190720 15:18:47.802" level="INFO">Inside Suite teardown</msg>
<status status="PASS" starttime="20190720 15:18:47.786" endtime="20190720 15:18:47.802"></status>
</kw>
<status status="PASS" starttime="20190720 15:18:17.214" endtime="20190720 15:18:47.802"></status>
</suite>
<statistics>
<total>
<stat pass="2" fail="0">Critical Tests</stat>
<stat pass="2" fail="0">All Tests</stat>
</total>
<tag>
<stat pass="2" fail="0">Smoke</stat>
</tag>
<suite>
<stat pass="2" fail="0" id="s1" name="Test002">Test002</stat>
</suite>
</statistics>
<errors>
</errors>
</robot>
